{
    "symbol": "WU",
    "shortName": "Western Union Company (The)",
    "Date": "2025-01-10:22",
    "open": 10.35,
    "dayLow": 10.2111,
    "dayHigh": 10.38,
    "HLD": "0.17",
    "currentPrice": 10.27,
    "previousClose": 10.44,
    "volume": 4815952,
    "averageVolume": 4816603,
    "tr": "0.23",
    "Rvol": 0.9998648425041466,
    "exDividendDate": 1734912000,
    "exDivFormatted": "12/23/2024",
    "lastDividendValue": 0.235
}
{
    "symbol": "MO",
    "shortName": "Altria Group, Inc.",
    "Date": "2025-01-13:22",
    "open": 51.06,
    "dayLow": 50.66,
    "dayHigh": 51.13,
    "HLD": "0.47",
    "currentPrice": 50.855,
    "previousClose": 50.87,
    "volume": 4238423,
    "averageVolume": 7642122,
    "tr": "0.47",
    "Rvol": 0.5546133652407015,
    "exDividendDate": 1735171200,
    "exDivFormatted": "12/26/2024",
    "lastDividendValue": 1.02
}