{
    "symbol": "NVDA",
    "shortName": "NVIDIA Corporation",
    "Date": "2025-01-13:17",
    "open": 129.995,
    "dayLow": 129.51,
    "dayHigh": 133.11,
    "HLD": "3.60",
    "currentPrice": 131.46,
    "previousClose": 135.91,
    "volume": 102865931,
    "averageVolume": 218944581,
    "tr": "6.40",
    "Rvol": 0.46982633929633544,
    "exDividendDate": 1726099200,
    "exDivFormatted": "09/12/2024",
    "lastDividendValue": 0.01
}{
    "symbol": "WBA",
    "shortName": "Walgreens Boots Alliance, Inc.",
    "Date": "2025-01-13:17",
    "open": 11.65,
    "dayLow": 10.96,
    "dayHigh": 11.8,
    "HLD": "0.84",
    "currentPrice": 11.415,
    "previousClose": 11.76,
    "volume": 14721470,
    "averageVolume": 25152478,
    "tr": "0.84",
    "Rvol": 0.5852890518381528,
    "exDividendDate": 1731888000,
    "exDivFormatted": "11/18/2024",
    "lastDividendValue": 0.25
}{
    "symbol": "NVDA",
    "shortName": "NVIDIA Corporation",
    "Date": "2025-01-13:19",
    "open": 129.995,
    "dayLow": 129.51,
    "dayHigh": 133.11,
    "HLD": "3.60",
    "currentPrice": 132.2352,
    "previousClose": 135.91,
    "volume": 141432760,
    "averageVolume": 218944581,
    "tr": "6.40",
    "Rvol": 0.6459751566082378,
    "exDividendDate": 1726099200,
    "exDivFormatted": "09/12/2024",
    "lastDividendValue": 0.01
}